0 info it worked if it ends with ok
1 verbose cli [ 'C:\\Program Files\\nodejs\\node.exe',
1 verbose cli   'C:\\Program Files\\nodejs\\node_modules\\npm\\bin\\npm-cli.js',
1 verbose cli   'install',
1 verbose cli   'time' ]
2 info using npm@3.10.10
3 info using node@v6.11.3
4 silly loadCurrentTree Starting
5 silly install loadCurrentTree
6 silly install readLocalPackageData
7 silly fetchPackageMetaData time
8 silly fetchNamedPackageData time
9 silly mapToRegistry name time
10 silly mapToRegistry using default registry
11 silly mapToRegistry registry https://registry.npmjs.org/
12 silly mapToRegistry data Result {
12 silly mapToRegistry   raw: 'time',
12 silly mapToRegistry   scope: null,
12 silly mapToRegistry   escapedName: 'time',
12 silly mapToRegistry   name: 'time',
12 silly mapToRegistry   rawSpec: '',
12 silly mapToRegistry   spec: 'latest',
12 silly mapToRegistry   type: 'tag' }
13 silly mapToRegistry uri https://registry.npmjs.org/time
14 verbose request uri https://registry.npmjs.org/time
15 verbose request no auth needed
16 info attempt registry request try #1 at 4:32:13 PM
17 verbose request id 86b1267f7838b960
18 http request GET https://registry.npmjs.org/time
19 http 200 https://registry.npmjs.org/time
20 verbose headers { 'content-type': 'application/json; charset=UTF-8',
20 verbose headers   server: 'UploadServer',
20 verbose headers   'cache-control': 'max-age=300',
20 verbose headers   'last-modified': 'Thu, 3 Aug 2017 9:50:11 GMT',
20 verbose headers   etag: '"5982f1d3-ab7e"',
20 verbose headers   'x-npm-region': 'North-America',
20 verbose headers   'content-encoding': 'gzip',
20 verbose headers   'content-length': '6565',
20 verbose headers   'accept-ranges': 'bytes',
20 verbose headers   date: 'Mon, 12 Feb 2018 21:32:47 GMT',
20 verbose headers   via: '1.1 varnish',
20 verbose headers   age: '0',
20 verbose headers   connection: 'keep-alive',
20 verbose headers   'x-served-by': 'cache-yyz8333-YYZ',
20 verbose headers   'x-cache': 'MISS',
20 verbose headers   'x-cache-hits': '0',
20 verbose headers   'x-timer': 'S1518471167.336690,VS0,VE63',
20 verbose headers   vary: 'Accept-Encoding, Accept' }
21 silly get cb [ 200,
21 silly get   { 'content-type': 'application/json; charset=UTF-8',
21 silly get     server: 'UploadServer',
21 silly get     'cache-control': 'max-age=300',
21 silly get     'last-modified': 'Thu, 3 Aug 2017 9:50:11 GMT',
21 silly get     etag: '"5982f1d3-ab7e"',
21 silly get     'x-npm-region': 'North-America',
21 silly get     'content-encoding': 'gzip',
21 silly get     'content-length': '6565',
21 silly get     'accept-ranges': 'bytes',
21 silly get     date: 'Mon, 12 Feb 2018 21:32:47 GMT',
21 silly get     via: '1.1 varnish',
21 silly get     age: '0',
21 silly get     connection: 'keep-alive',
21 silly get     'x-served-by': 'cache-yyz8333-YYZ',
21 silly get     'x-cache': 'MISS',
21 silly get     'x-cache-hits': '0',
21 silly get     'x-timer': 'S1518471167.336690,VS0,VE63',
21 silly get     vary: 'Accept-Encoding, Accept' } ]
22 verbose get saving time to C:\Users\atingley\AppData\Roaming\npm-cache\registry.npmjs.org\time\.cache.json
23 verbose correctMkdir C:\Users\atingley\AppData\Roaming\npm-cache correctMkdir not in flight; initializing
24 silly install normalizeTree
25 silly loadCurrentTree Finishing
26 silly loadIdealTree Starting
27 silly install loadIdealTree
28 silly cloneCurrentTree Starting
29 silly install cloneCurrentTreeToIdealTree
30 silly cloneCurrentTree Finishing
31 silly loadShrinkwrap Starting
32 silly install loadShrinkwrap
33 silly loadShrinkwrap Finishing
34 silly loadAllDepsIntoIdealTree Starting
35 silly install loadAllDepsIntoIdealTree
36 silly resolveWithNewModule time@0.12.0 checking installable status
37 silly cache add args [ 'time', null ]
38 verbose cache add spec time
39 silly cache add parsed spec Result {
39 silly cache add   raw: 'time',
39 silly cache add   scope: null,
39 silly cache add   escapedName: 'time',
39 silly cache add   name: 'time',
39 silly cache add   rawSpec: '',
39 silly cache add   spec: 'latest',
39 silly cache add   type: 'tag' }
40 silly addNamed time@latest
41 verbose addNamed "latest" is being treated as a dist-tag for time
42 info addNameTag [ 'time', 'latest' ]
43 silly mapToRegistry name time
44 silly mapToRegistry using default registry
45 silly mapToRegistry registry https://registry.npmjs.org/
46 silly mapToRegistry data Result {
46 silly mapToRegistry   raw: 'time',
46 silly mapToRegistry   scope: null,
46 silly mapToRegistry   escapedName: 'time',
46 silly mapToRegistry   name: 'time',
46 silly mapToRegistry   rawSpec: '',
46 silly mapToRegistry   spec: 'latest',
46 silly mapToRegistry   type: 'tag' }
47 silly mapToRegistry uri https://registry.npmjs.org/time
48 verbose addNameTag registry:https://registry.npmjs.org/time not in flight; fetching
49 verbose get https://registry.npmjs.org/time not expired, no request
50 silly addNameTag next cb for time with tag latest
51 silly addNamed time@0.12.0
52 verbose addNamed "0.12.0" is a plain semver version for time
53 silly mapToRegistry name time
54 silly mapToRegistry using default registry
55 silly mapToRegistry registry https://registry.npmjs.org/
56 silly mapToRegistry data Result {
56 silly mapToRegistry   raw: 'time',
56 silly mapToRegistry   scope: null,
56 silly mapToRegistry   escapedName: 'time',
56 silly mapToRegistry   name: 'time',
56 silly mapToRegistry   rawSpec: '',
56 silly mapToRegistry   spec: 'latest',
56 silly mapToRegistry   type: 'tag' }
57 silly mapToRegistry uri https://registry.npmjs.org/time
58 verbose addRemoteTarball https://registry.npmjs.org/time/-/time-0.12.0.tgz not in flight; adding
59 verbose addRemoteTarball [ 'https://registry.npmjs.org/time/-/time-0.12.0.tgz',
59 verbose addRemoteTarball   '755414bc3ef0a2ea44ce9f775bd3cf664ec49bb7' ]
60 info retry fetch attempt 1 at 4:32:13 PM
61 info attempt registry request try #1 at 4:32:13 PM
62 http fetch GET https://registry.npmjs.org/time/-/time-0.12.0.tgz
63 http fetch 200 https://registry.npmjs.org/time/-/time-0.12.0.tgz
64 silly fetchAndShaCheck shasum 755414bc3ef0a2ea44ce9f775bd3cf664ec49bb7
65 verbose addTmpTarball C:\Users\atingley\AppData\Local\Temp\npm-15024-95f6f830\registry.npmjs.org\time\-\time-0.12.0.tgz not in flight; adding
66 verbose addTmpTarball already have metadata; skipping unpack for time@0.12.0
67 verbose correctMkdir C:\Users\atingley\AppData\Roaming\npm-cache correctMkdir not in flight; initializing
68 silly cache afterAdd time@0.12.0
69 verbose afterAdd C:\Users\atingley\AppData\Roaming\npm-cache\time\0.12.0\package\package.json not in flight; writing
70 verbose correctMkdir C:\Users\atingley\AppData\Roaming\npm-cache correctMkdir not in flight; initializing
71 verbose afterAdd C:\Users\atingley\AppData\Roaming\npm-cache\time\0.12.0\package\package.json written
72 silly fetchNamedPackageData bindings
73 silly mapToRegistry name bindings
74 silly mapToRegistry using default registry
75 silly mapToRegistry registry https://registry.npmjs.org/
76 silly mapToRegistry data Result {
76 silly mapToRegistry   raw: 'bindings',
76 silly mapToRegistry   scope: null,
76 silly mapToRegistry   escapedName: 'bindings',
76 silly mapToRegistry   name: 'bindings',
76 silly mapToRegistry   rawSpec: '',
76 silly mapToRegistry   spec: 'latest',
76 silly mapToRegistry   type: 'tag' }
77 silly mapToRegistry uri https://registry.npmjs.org/bindings
78 silly fetchNamedPackageData nan
79 silly mapToRegistry name nan
80 silly mapToRegistry using default registry
81 silly mapToRegistry registry https://registry.npmjs.org/
82 silly mapToRegistry data Result {
82 silly mapToRegistry   raw: 'nan',
82 silly mapToRegistry   scope: null,
82 silly mapToRegistry   escapedName: 'nan',
82 silly mapToRegistry   name: 'nan',
82 silly mapToRegistry   rawSpec: '',
82 silly mapToRegistry   spec: 'latest',
82 silly mapToRegistry   type: 'tag' }
83 silly mapToRegistry uri https://registry.npmjs.org/nan
84 verbose request uri https://registry.npmjs.org/bindings
85 verbose request no auth needed
86 info attempt registry request try #1 at 4:32:14 PM
87 http request GET https://registry.npmjs.org/bindings
88 verbose request uri https://registry.npmjs.org/nan
89 verbose request no auth needed
90 info attempt registry request try #1 at 4:32:14 PM
91 http request GET https://registry.npmjs.org/nan
92 http 200 https://registry.npmjs.org/bindings
93 verbose headers { 'content-type': 'application/json; charset=UTF-8',
93 verbose headers   server: 'UploadServer',
93 verbose headers   'cache-control': 'max-age=300',
93 verbose headers   'last-modified': 'Tue, 30 Jan 2018 6:12:07 GMT',
93 verbose headers   etag: '"5a700cb7-4c53"',
93 verbose headers   'x-npm-region': 'North-America',
93 verbose headers   'content-encoding': 'gzip',
93 verbose headers   'content-length': '3882',
93 verbose headers   'accept-ranges': 'bytes',
93 verbose headers   date: 'Mon, 12 Feb 2018 21:32:47 GMT',
93 verbose headers   via: '1.1 varnish',
93 verbose headers   age: '9536',
93 verbose headers   connection: 'keep-alive',
93 verbose headers   'x-served-by': 'cache-yyz8333-YYZ',
93 verbose headers   'x-cache': 'HIT',
93 verbose headers   'x-cache-hits': '1',
93 verbose headers   'x-timer': 'S1518471168.978493,VS0,VE0',
93 verbose headers   vary: 'Accept-Encoding, Accept' }
94 silly get cb [ 200,
94 silly get   { 'content-type': 'application/json; charset=UTF-8',
94 silly get     server: 'UploadServer',
94 silly get     'cache-control': 'max-age=300',
94 silly get     'last-modified': 'Tue, 30 Jan 2018 6:12:07 GMT',
94 silly get     etag: '"5a700cb7-4c53"',
94 silly get     'x-npm-region': 'North-America',
94 silly get     'content-encoding': 'gzip',
94 silly get     'content-length': '3882',
94 silly get     'accept-ranges': 'bytes',
94 silly get     date: 'Mon, 12 Feb 2018 21:32:47 GMT',
94 silly get     via: '1.1 varnish',
94 silly get     age: '9536',
94 silly get     connection: 'keep-alive',
94 silly get     'x-served-by': 'cache-yyz8333-YYZ',
94 silly get     'x-cache': 'HIT',
94 silly get     'x-cache-hits': '1',
94 silly get     'x-timer': 'S1518471168.978493,VS0,VE0',
94 silly get     vary: 'Accept-Encoding, Accept' } ]
95 verbose get saving bindings to C:\Users\atingley\AppData\Roaming\npm-cache\registry.npmjs.org\bindings\.cache.json
96 verbose correctMkdir C:\Users\atingley\AppData\Roaming\npm-cache correctMkdir not in flight; initializing
97 silly resolveWithNewModule bindings@1.3.0 checking installable status
98 silly cache add args [ 'bindings@^1.2.0', null ]
99 verbose cache add spec bindings@^1.2.0
100 silly cache add parsed spec Result {
100 silly cache add   raw: 'bindings@^1.2.0',
100 silly cache add   scope: null,
100 silly cache add   escapedName: 'bindings',
100 silly cache add   name: 'bindings',
100 silly cache add   rawSpec: '^1.2.0',
100 silly cache add   spec: '>=1.2.0 <2.0.0',
100 silly cache add   type: 'range' }
101 silly addNamed bindings@>=1.2.0 <2.0.0
102 verbose addNamed ">=1.2.0 <2.0.0" is a valid semver range for bindings
103 silly addNameRange { name: 'bindings', range: '>=1.2.0 <2.0.0', hasData: false }
104 silly mapToRegistry name bindings
105 silly mapToRegistry using default registry
106 silly mapToRegistry registry https://registry.npmjs.org/
107 silly mapToRegistry data Result {
107 silly mapToRegistry   raw: 'bindings',
107 silly mapToRegistry   scope: null,
107 silly mapToRegistry   escapedName: 'bindings',
107 silly mapToRegistry   name: 'bindings',
107 silly mapToRegistry   rawSpec: '',
107 silly mapToRegistry   spec: 'latest',
107 silly mapToRegistry   type: 'tag' }
108 silly mapToRegistry uri https://registry.npmjs.org/bindings
109 verbose addNameRange registry:https://registry.npmjs.org/bindings not in flight; fetching
110 verbose get https://registry.npmjs.org/bindings not expired, no request
111 silly addNameRange number 2 { name: 'bindings', range: '>=1.2.0 <2.0.0', hasData: true }
112 silly addNameRange versions [ 'bindings',
112 silly addNameRange   [ '0.0.1',
112 silly addNameRange     '0.1.0',
112 silly addNameRange     '0.1.1',
112 silly addNameRange     '0.2.0',
112 silly addNameRange     '0.2.1',
112 silly addNameRange     '0.2.2',
112 silly addNameRange     '0.2.3',
112 silly addNameRange     '0.2.4',
112 silly addNameRange     '0.3.0',
112 silly addNameRange     '0.4.0',
112 silly addNameRange     '1.0.0',
112 silly addNameRange     '1.1.0',
112 silly addNameRange     '1.1.1',
112 silly addNameRange     '1.2.0',
112 silly addNameRange     '1.2.1',
112 silly addNameRange     '1.3.0' ] ]
113 silly addNamed bindings@1.3.0
114 verbose addNamed "1.3.0" is a plain semver version for bindings
115 silly mapToRegistry name bindings
116 silly mapToRegistry using default registry
117 silly mapToRegistry registry https://registry.npmjs.org/
118 silly mapToRegistry data Result {
118 silly mapToRegistry   raw: 'bindings',
118 silly mapToRegistry   scope: null,
118 silly mapToRegistry   escapedName: 'bindings',
118 silly mapToRegistry   name: 'bindings',
118 silly mapToRegistry   rawSpec: '',
118 silly mapToRegistry   spec: 'latest',
118 silly mapToRegistry   type: 'tag' }
119 silly mapToRegistry uri https://registry.npmjs.org/bindings
120 verbose addRemoteTarball https://registry.npmjs.org/bindings/-/bindings-1.3.0.tgz not in flight; adding
121 verbose addRemoteTarball [ 'https://registry.npmjs.org/bindings/-/bindings-1.3.0.tgz',
121 verbose addRemoteTarball   'b346f6ecf6a95f5a815c5839fc7cdb22502f1ed7' ]
122 info retry fetch attempt 1 at 4:32:14 PM
123 info attempt registry request try #1 at 4:32:14 PM
124 http fetch GET https://registry.npmjs.org/bindings/-/bindings-1.3.0.tgz
125 http fetch 200 https://registry.npmjs.org/bindings/-/bindings-1.3.0.tgz
126 silly fetchAndShaCheck shasum b346f6ecf6a95f5a815c5839fc7cdb22502f1ed7
127 verbose addTmpTarball C:\Users\atingley\AppData\Local\Temp\npm-15024-95f6f830\registry.npmjs.org\bindings\-\bindings-1.3.0.tgz not in flight; adding
128 verbose addTmpTarball already have metadata; skipping unpack for bindings@1.3.0
129 verbose correctMkdir C:\Users\atingley\AppData\Roaming\npm-cache correctMkdir not in flight; initializing
130 http 200 https://registry.npmjs.org/nan
131 verbose headers { 'content-type': 'application/json; charset=UTF-8',
131 verbose headers   server: 'UploadServer',
131 verbose headers   'cache-control': 'max-age=300',
131 verbose headers   'last-modified': 'Sat, 3 Feb 2018 19:08:49 GMT',
131 verbose headers   etag: '"5a7608c1-20c40"',
131 verbose headers   'x-npm-region': 'North-America',
131 verbose headers   'content-encoding': 'gzip',
131 verbose headers   'content-length': '15715',
131 verbose headers   'accept-ranges': 'bytes',
131 verbose headers   date: 'Mon, 12 Feb 2018 21:32:48 GMT',
131 verbose headers   via: '1.1 varnish',
131 verbose headers   age: '12201',
131 verbose headers   connection: 'keep-alive',
131 verbose headers   'x-served-by': 'cache-yyz8325-YYZ',
131 verbose headers   'x-cache': 'HIT',
131 verbose headers   'x-cache-hits': '2',
131 verbose headers   'x-timer': 'S1518471168.022665,VS0,VE0',
131 verbose headers   vary: 'Accept-Encoding, Accept' }
132 silly get cb [ 200,
132 silly get   { 'content-type': 'application/json; charset=UTF-8',
132 silly get     server: 'UploadServer',
132 silly get     'cache-control': 'max-age=300',
132 silly get     'last-modified': 'Sat, 3 Feb 2018 19:08:49 GMT',
132 silly get     etag: '"5a7608c1-20c40"',
132 silly get     'x-npm-region': 'North-America',
132 silly get     'content-encoding': 'gzip',
132 silly get     'content-length': '15715',
132 silly get     'accept-ranges': 'bytes',
132 silly get     date: 'Mon, 12 Feb 2018 21:32:48 GMT',
132 silly get     via: '1.1 varnish',
132 silly get     age: '12201',
132 silly get     connection: 'keep-alive',
132 silly get     'x-served-by': 'cache-yyz8325-YYZ',
132 silly get     'x-cache': 'HIT',
132 silly get     'x-cache-hits': '2',
132 silly get     'x-timer': 'S1518471168.022665,VS0,VE0',
132 silly get     vary: 'Accept-Encoding, Accept' } ]
133 verbose get saving nan to C:\Users\atingley\AppData\Roaming\npm-cache\registry.npmjs.org\nan\.cache.json
134 verbose correctMkdir C:\Users\atingley\AppData\Roaming\npm-cache correctMkdir not in flight; initializing
135 silly cache afterAdd bindings@1.3.0
136 verbose afterAdd C:\Users\atingley\AppData\Roaming\npm-cache\bindings\1.3.0\package\package.json not in flight; writing
137 verbose correctMkdir C:\Users\atingley\AppData\Roaming\npm-cache correctMkdir not in flight; initializing
138 silly resolveWithNewModule nan@2.8.0 checking installable status
139 silly cache add args [ 'nan@^2.2.0', null ]
140 verbose cache add spec nan@^2.2.0
141 silly cache add parsed spec Result {
141 silly cache add   raw: 'nan@^2.2.0',
141 silly cache add   scope: null,
141 silly cache add   escapedName: 'nan',
141 silly cache add   name: 'nan',
141 silly cache add   rawSpec: '^2.2.0',
141 silly cache add   spec: '>=2.2.0 <3.0.0',
141 silly cache add   type: 'range' }
142 silly addNamed nan@>=2.2.0 <3.0.0
143 verbose addNamed ">=2.2.0 <3.0.0" is a valid semver range for nan
144 silly addNameRange { name: 'nan', range: '>=2.2.0 <3.0.0', hasData: false }
145 silly mapToRegistry name nan
146 silly mapToRegistry using default registry
147 silly mapToRegistry registry https://registry.npmjs.org/
148 silly mapToRegistry data Result {
148 silly mapToRegistry   raw: 'nan',
148 silly mapToRegistry   scope: null,
148 silly mapToRegistry   escapedName: 'nan',
148 silly mapToRegistry   name: 'nan',
148 silly mapToRegistry   rawSpec: '',
148 silly mapToRegistry   spec: 'latest',
148 silly mapToRegistry   type: 'tag' }
149 silly mapToRegistry uri https://registry.npmjs.org/nan
150 verbose addNameRange registry:https://registry.npmjs.org/nan not in flight; fetching
151 verbose afterAdd C:\Users\atingley\AppData\Roaming\npm-cache\bindings\1.3.0\package\package.json written
152 verbose get https://registry.npmjs.org/nan not expired, no request
153 silly addNameRange number 2 { name: 'nan', range: '>=2.2.0 <3.0.0', hasData: true }
154 silly addNameRange versions [ 'nan',
154 silly addNameRange   [ '0.3.0-wip',
154 silly addNameRange     '0.3.0-wip2',
154 silly addNameRange     '0.3.0',
154 silly addNameRange     '0.3.1',
154 silly addNameRange     '0.3.2',
154 silly addNameRange     '0.4.0',
154 silly addNameRange     '0.4.1',
154 silly addNameRange     '0.4.2',
154 silly addNameRange     '0.4.3',
154 silly addNameRange     '0.4.4',
154 silly addNameRange     '0.5.0',
154 silly addNameRange     '0.5.1',
154 silly addNameRange     '0.5.2',
154 silly addNameRange     '0.6.0',
154 silly addNameRange     '0.7.0',
154 silly addNameRange     '0.7.1',
154 silly addNameRange     '0.8.0',
154 silly addNameRange     '1.0.0',
154 silly addNameRange     '1.1.0',
154 silly addNameRange     '1.1.1',
154 silly addNameRange     '1.1.2',
154 silly addNameRange     '1.2.0',
154 silly addNameRange     '1.3.0',
154 silly addNameRange     '1.4.0',
154 silly addNameRange     '1.4.1',
154 silly addNameRange     '1.5.0',
154 silly addNameRange     '1.4.2',
154 silly addNameRange     '1.4.3',
154 silly addNameRange     '1.5.1',
154 silly addNameRange     '1.5.2',
154 silly addNameRange     '1.6.0',
154 silly addNameRange     '1.5.3',
154 silly addNameRange     '1.6.1',
154 silly addNameRange     '1.6.2',
154 silly addNameRange     '1.7.0',
154 silly addNameRange     '1.8.0',
154 silly addNameRange     '1.8.1',
154 silly addNameRange     '1.8.2',
154 silly addNameRange     '1.8.3',
154 silly addNameRange     '1.8.4',
154 silly addNameRange     '1.9.0',
154 silly addNameRange     '2.0.0',
154 silly addNameRange     '2.0.1',
154 silly addNameRange     '2.0.2',
154 silly addNameRange     '2.0.3',
154 silly addNameRange     '2.0.4',
154 silly addNameRange     '2.0.5',
154 silly addNameRange     '2.0.6',
154 silly addNameRange     '2.0.7',
154 silly addNameRange     '2.0.8',
154 silly addNameRange     '2.0.9',
154 silly addNameRange     '2.1.0',
154 silly addNameRange     '2.2.0',
154 silly addNameRange     '2.2.1',
154 silly addNameRange     '2.3.0',
154 silly addNameRange     '2.3.1',
154 silly addNameRange     '2.3.2',
154 silly addNameRange     '2.3.3',
154 silly addNameRange     '2.3.4',
154 silly addNameRange     '2.3.5',
154 silly addNameRange     '2.4.0',
154 silly addNameRange     '2.5.0',
154 silly addNameRange     '2.5.1',
154 silly addNameRange     '2.6.0',
154 silly addNameRange     '2.6.1',
154 silly addNameRange     '2.6.2',
154 silly addNameRange     '2.7.0',
154 silly addNameRange     '2.8.0' ] ]
155 silly addNamed nan@2.8.0
156 verbose addNamed "2.8.0" is a plain semver version for nan
157 silly mapToRegistry name nan
158 silly mapToRegistry using default registry
159 silly mapToRegistry registry https://registry.npmjs.org/
160 silly mapToRegistry data Result {
160 silly mapToRegistry   raw: 'nan',
160 silly mapToRegistry   scope: null,
160 silly mapToRegistry   escapedName: 'nan',
160 silly mapToRegistry   name: 'nan',
160 silly mapToRegistry   rawSpec: '',
160 silly mapToRegistry   spec: 'latest',
160 silly mapToRegistry   type: 'tag' }
161 silly mapToRegistry uri https://registry.npmjs.org/nan
162 verbose addRemoteTarball https://registry.npmjs.org/nan/-/nan-2.8.0.tgz not in flight; adding
163 verbose addRemoteTarball [ 'https://registry.npmjs.org/nan/-/nan-2.8.0.tgz',
163 verbose addRemoteTarball   'ed715f3fe9de02b57a5e6252d90a96675e1f085a' ]
164 info retry fetch attempt 1 at 4:32:14 PM
165 info attempt registry request try #1 at 4:32:14 PM
166 http fetch GET https://registry.npmjs.org/nan/-/nan-2.8.0.tgz
167 http fetch 200 https://registry.npmjs.org/nan/-/nan-2.8.0.tgz
168 silly fetchAndShaCheck shasum ed715f3fe9de02b57a5e6252d90a96675e1f085a
169 verbose addTmpTarball C:\Users\atingley\AppData\Local\Temp\npm-15024-95f6f830\registry.npmjs.org\nan\-\nan-2.8.0.tgz not in flight; adding
170 verbose addTmpTarball already have metadata; skipping unpack for nan@2.8.0
171 verbose correctMkdir C:\Users\atingley\AppData\Roaming\npm-cache correctMkdir not in flight; initializing
172 silly cache afterAdd nan@2.8.0
173 verbose afterAdd C:\Users\atingley\AppData\Roaming\npm-cache\nan\2.8.0\package\package.json not in flight; writing
174 verbose correctMkdir C:\Users\atingley\AppData\Roaming\npm-cache correctMkdir not in flight; initializing
175 verbose afterAdd C:\Users\atingley\AppData\Roaming\npm-cache\nan\2.8.0\package\package.json written
176 silly loadAllDepsIntoIdealTree Finishing
177 silly loadIdealTree Finishing
178 silly currentTree Reggie@0.0.0
178 silly currentTree +-- @slack/client@3.16.0
178 silly currentTree | `-- async@1.5.2
178 silly currentTree +-- accepts@1.2.13
178 silly currentTree | +-- mime-db@1.30.0
178 silly currentTree | `-- mime-types@2.1.17
178 silly currentTree +-- agent-base@2.1.1
178 silly currentTree +-- ajv@4.11.8
178 silly currentTree +-- ansi-regex@2.1.1
178 silly currentTree +-- ansi-styles@2.2.1
178 silly currentTree +-- asn1@0.2.3
178 silly currentTree +-- assert-plus@0.2.0
178 silly currentTree +-- async@0.9.2
178 silly currentTree +-- asynckit@0.4.0
178 silly currentTree +-- aws-sign@0.3.0
178 silly currentTree +-- aws-sign2@0.6.0
178 silly currentTree +-- aws4@1.6.0
178 silly currentTree +-- azure-storage@2.8.0
178 silly currentTree | +-- caseless@0.12.0
178 silly currentTree | +-- extend@1.2.1
178 silly currentTree | +-- har-validator@4.2.1
178 silly currentTree | +-- isarray@1.0.0
178 silly currentTree | +-- mime-db@1.30.0
178 silly currentTree | +-- mime-types@2.1.17
178 silly currentTree | +-- qs@6.4.0
178 silly currentTree | +-- readable-stream@2.0.6
178 silly currentTree | +-- request@2.81.0
178 silly currentTree | | `-- extend@3.0.1
178 silly currentTree | +-- tunnel-agent@0.6.0
178 silly currentTree | `-- uuid@3.2.1
178 silly currentTree +-- base64-url@1.2.1
178 silly currentTree +-- basic-auth-connect@1.0.0
178 silly currentTree +-- basic-auth@1.0.4
178 silly currentTree +-- batch@0.5.3
178 silly currentTree +-- bcrypt-pbkdf@1.0.1
178 silly currentTree +-- bluebird@3.5.1
178 silly currentTree +-- body-parser@1.13.3
178 silly currentTree | +-- ee-first@1.1.1
178 silly currentTree | +-- mime-db@1.30.0
178 silly currentTree | +-- mime-types@2.1.17
178 silly currentTree | +-- on-finished@2.3.0
178 silly currentTree | +-- qs@4.0.0
178 silly currentTree | `-- type-is@1.6.15
178 silly currentTree +-- boom@2.10.1
178 silly currentTree +-- browserify-mime@1.2.9
178 silly currentTree +-- bytes@2.1.0
178 silly currentTree +-- caseless@0.11.0
178 silly currentTree +-- chalk@1.1.3
178 silly currentTree +-- cline@0.8.2
178 silly currentTree +-- co@4.6.0
178 silly currentTree +-- coffee-script@1.12.7
178 silly currentTree +-- coffeescript@2.2.0
178 silly currentTree +-- colors@1.0.3
178 silly currentTree +-- combined-stream@1.0.5
178 silly currentTree +-- commander@2.6.0
178 silly currentTree +-- compressible@2.0.12
178 silly currentTree | `-- mime-db@1.32.0
178 silly currentTree +-- compression@1.5.2
178 silly currentTree +-- connect-multiparty@1.2.5
178 silly currentTree +-- connect-timeout@1.6.2
178 silly currentTree +-- connect@2.30.2
178 silly currentTree | +-- mime-db@1.30.0
178 silly currentTree | +-- mime-types@2.1.17
178 silly currentTree | +-- qs@4.0.0
178 silly currentTree | `-- type-is@1.6.15
178 silly currentTree +-- content-disposition@0.5.0
178 silly currentTree +-- content-type@1.0.4
178 silly currentTree +-- cookie-jar@0.3.0
178 silly currentTree +-- cookie-parser@1.3.5
178 silly currentTree +-- cookie-signature@1.0.6
178 silly currentTree +-- cookie@0.1.3
178 silly currentTree +-- core-util-is@1.0.2
178 silly currentTree +-- crc@3.3.0
178 silly currentTree +-- cron-parser@1.0.2
178 silly currentTree +-- cron@1.3.0
178 silly currentTree +-- cryptiles@2.0.5
178 silly currentTree +-- csrf@3.0.6
178 silly currentTree +-- csurf@1.8.3
178 silly currentTree +-- ctype@0.5.3
178 silly currentTree +-- cycle@1.0.3
178 silly currentTree +-- dashdash@1.14.1
178 silly currentTree | `-- assert-plus@1.0.0
178 silly currentTree +-- debug@2.2.0
178 silly currentTree +-- delayed-stream@1.0.0
178 silly currentTree +-- depd@1.0.1
178 silly currentTree +-- destroy@1.0.4
178 silly currentTree +-- double-ended-queue@2.1.0-0
178 silly currentTree +-- ecc-jsbn@0.1.1
178 silly currentTree +-- ee-first@1.1.0
178 silly currentTree +-- errorhandler@1.4.3
178 silly currentTree | +-- accepts@1.3.4
178 silly currentTree | +-- escape-html@1.0.3
178 silly currentTree | +-- mime-db@1.30.0
178 silly currentTree | +-- mime-types@2.1.17
178 silly currentTree | `-- negotiator@0.6.1
178 silly currentTree +-- escape-html@1.0.2
178 silly currentTree +-- escape-string-regexp@1.0.5
178 silly currentTree +-- etag@1.7.0
178 silly currentTree +-- eventemitter3@1.2.0
178 silly currentTree +-- express-session@1.11.3
178 silly currentTree | `-- uid-safe@2.0.0
178 silly currentTree +-- express@3.21.2
178 silly currentTree +-- extend@3.0.1
178 silly currentTree +-- extsprintf@1.3.0
178 silly currentTree +-- eyes@0.1.8
178 silly currentTree +-- figlet@1.2.0
178 silly currentTree +-- finalhandler@0.4.0
178 silly currentTree | +-- ee-first@1.1.1
178 silly currentTree | `-- on-finished@2.3.0
178 silly currentTree +-- forever-agent@0.6.1
178 silly currentTree +-- form-data@2.1.4
178 silly currentTree | +-- mime-db@1.30.0
178 silly currentTree | `-- mime-types@2.1.17
178 silly currentTree +-- forwarded@0.1.2
178 silly currentTree +-- fresh@0.3.0
178 silly currentTree +-- generate-function@2.0.0
178 silly currentTree +-- generate-object-property@1.2.0
178 silly currentTree +-- getpass@0.1.7
178 silly currentTree | `-- assert-plus@1.0.0
178 silly currentTree +-- har-schema@1.0.5
178 silly currentTree +-- har-validator@2.0.6
178 silly currentTree | `-- commander@2.14.0
178 silly currentTree +-- has-ansi@2.0.0
178 silly currentTree +-- hash-base@3.0.4
178 silly currentTree +-- hawk@3.1.3
178 silly currentTree +-- hoek@2.16.3
178 silly currentTree +-- http-errors@1.3.1
178 silly currentTree +-- http-signature@1.1.1
178 silly currentTree +-- https-proxy-agent@1.0.0
178 silly currentTree +-- hubot-ascii-art@1.1.3
178 silly currentTree +-- hubot-aww2@0.0.4
178 silly currentTree | `-- coffee-script@1.6.3
178 silly currentTree +-- hubot-azure-brain@1.0.0
178 silly currentTree | +-- asn1@0.1.11
178 silly currentTree | +-- assert-plus@0.1.5
178 silly currentTree | +-- azure-storage@0.2.1
178 silly currentTree | +-- boom@0.4.2
178 silly currentTree | +-- combined-stream@0.0.7
178 silly currentTree | +-- cryptiles@0.2.2
178 silly currentTree | +-- delayed-stream@0.0.5
178 silly currentTree | +-- extend@1.2.1
178 silly currentTree | +-- forever-agent@0.5.2
178 silly currentTree | +-- form-data@0.1.4
178 silly currentTree | +-- hawk@1.0.0
178 silly currentTree | +-- hoek@0.9.1
178 silly currentTree | +-- http-signature@0.10.1
178 silly currentTree | +-- mime@1.2.11
178 silly currentTree | +-- oauth-sign@0.3.0
178 silly currentTree | +-- qs@0.6.6
178 silly currentTree | +-- request@2.27.0
178 silly currentTree | +-- sax@0.5.2
178 silly currentTree | +-- sntp@0.2.4
178 silly currentTree | +-- tunnel-agent@0.3.0
178 silly currentTree | +-- underscore@1.4.4
178 silly currentTree | +-- validator@3.1.0
178 silly currentTree | `-- xml2js@0.2.7
178 silly currentTree +-- hubot-azure-scripts@0.1.7
178 silly currentTree | +-- asn1@0.1.11
178 silly currentTree | +-- assert-plus@0.1.5
178 silly currentTree | +-- azure-storage@0.2.1
178 silly currentTree | +-- boom@0.4.2
178 silly currentTree | +-- combined-stream@0.0.7
178 silly currentTree | +-- cryptiles@0.2.2
178 silly currentTree | +-- delayed-stream@0.0.5
178 silly currentTree | +-- extend@1.2.1
178 silly currentTree | +-- forever-agent@0.5.2
178 silly currentTree | +-- form-data@0.1.4
178 silly currentTree | +-- hawk@1.0.0
178 silly currentTree | +-- hoek@0.9.1
178 silly currentTree | +-- http-signature@0.10.1
178 silly currentTree | +-- mime@1.2.11
178 silly currentTree | +-- oauth-sign@0.3.0
178 silly currentTree | +-- qs@0.6.6
178 silly currentTree | +-- request@2.27.0
178 silly currentTree | +-- sax@0.5.2
178 silly currentTree | +-- sntp@0.2.4
178 silly currentTree | +-- tunnel-agent@0.3.0
178 silly currentTree | +-- underscore@1.4.4
178 silly currentTree | +-- validator@3.1.0
178 silly currentTree | `-- xml2js@0.2.7
178 silly currentTree +-- hubot-cron@0.2.9
178 silly currentTree +-- hubot-diagnostics@0.0.2
178 silly currentTree +-- hubot-google-images@0.2.7
178 silly currentTree +-- hubot-google-translate@0.2.1
178 silly currentTree +-- hubot-help@0.2.2
178 silly currentTree +-- hubot-heroku-keepalive@1.0.3
178 silly currentTree +-- hubot-redis-brain@0.0.4
178 silly currentTree +-- hubot-rules@0.1.2
178 silly currentTree +-- hubot-schedule@0.6.1
178 silly currentTree +-- hubot-scripts@2.17.2
178 silly currentTree | `-- redis@0.8.4
178 silly currentTree +-- hubot-shipit@0.2.1
178 silly currentTree +-- hubot-slack@4.4.0
178 silly currentTree | `-- lodash@3.10.1
178 silly currentTree +-- hubot-thank-you@0.0.3
178 silly currentTree | `-- coffee-script@1.6.3
178 silly currentTree +-- hubot-vsts-slack@0.1.3
178 silly currentTree +-- hubot-zendesk-enhanced@1.0.6
178 silly currentTree | `-- coffee-script@1.6.3
178 silly currentTree +-- hubot@3.0.1
178 silly currentTree | `-- coffee-script@1.6.3
178 silly currentTree +-- iconv-lite@0.4.11
178 silly currentTree +-- inherits@2.0.3
178 silly currentTree +-- ipaddr.js@1.0.5
178 silly currentTree +-- is-my-json-valid@2.17.1
178 silly currentTree +-- is-property@1.0.2
178 silly currentTree +-- is-typedarray@1.0.0
178 silly currentTree +-- isarray@0.0.1
178 silly currentTree +-- isstream@0.1.2
178 silly currentTree +-- jsbn@0.1.1
178 silly currentTree +-- json-edm-parser@0.1.2
178 silly currentTree +-- json-schema@0.2.3
178 silly currentTree +-- json-stable-stringify@1.0.1
178 silly currentTree +-- json-stringify-safe@5.0.1
178 silly currentTree +-- jsonify@0.0.0
178 silly currentTree +-- jsonparse@1.2.0
178 silly currentTree +-- jsonpointer@4.0.1
178 silly currentTree +-- jsprim@1.4.1
178 silly currentTree | `-- assert-plus@1.0.0
178 silly currentTree +-- lodash@4.17.5
178 silly currentTree +-- log@1.4.0
178 silly currentTree +-- long-timeout@0.0.2
178 silly currentTree +-- md5.js@1.3.4
178 silly currentTree +-- media-typer@0.3.0
178 silly currentTree +-- merge-descriptors@1.0.0
178 silly currentTree +-- method-override@2.3.10
178 silly currentTree | +-- debug@2.6.9
178 silly currentTree | +-- ms@2.0.0
178 silly currentTree | `-- vary@1.1.2
178 silly currentTree +-- methods@1.1.2
178 silly currentTree +-- mime-db@1.12.0
178 silly currentTree +-- mime-types@2.0.14
178 silly currentTree +-- mime@1.3.4
178 silly currentTree +-- minimist@0.0.8
178 silly currentTree +-- mkdirp@0.5.1
178 silly currentTree +-- moment-timezone@0.5.14
178 silly currentTree +-- moment@2.20.1
178 silly currentTree +-- morgan@1.6.1
178 silly currentTree | +-- ee-first@1.1.1
178 silly currentTree | `-- on-finished@2.3.0
178 silly currentTree +-- ms@0.7.1
178 silly currentTree +-- multiparty@3.3.2
178 silly currentTree +-- negotiator@0.5.3
178 silly currentTree +-- node-schedule@1.0.0
178 silly currentTree | `-- cron-parser@1.1.0
178 silly currentTree +-- node-uuid@1.4.8
178 silly currentTree +-- oauth-sign@0.8.2
178 silly currentTree +-- on-finished@2.1.1
178 silly currentTree +-- on-headers@1.0.1
178 silly currentTree +-- options@0.0.6
178 silly currentTree +-- optparse@1.0.4
178 silly currentTree +-- parseurl@1.3.2
178 silly currentTree +-- pause@0.1.0
178 silly currentTree +-- performance-now@0.2.0
178 silly currentTree +-- pinkie-promise@2.0.1
178 silly currentTree +-- pinkie@2.0.4
178 silly currentTree +-- pkginfo@0.4.1
178 silly currentTree +-- process-nextick-args@1.0.7
178 silly currentTree +-- proxy-addr@1.0.10
178 silly currentTree +-- punycode@1.4.1
178 silly currentTree +-- qs@2.2.5
178 silly currentTree +-- random-bytes@1.0.0
178 silly currentTree +-- range-parser@1.0.3
178 silly currentTree +-- raw-body@2.1.7
178 silly currentTree | +-- bytes@2.4.0
178 silly currentTree | `-- iconv-lite@0.4.13
178 silly currentTree +-- readable-stream@1.1.14
178 silly currentTree +-- redis-commands@1.3.1
178 silly currentTree +-- redis-parser@2.6.0
178 silly currentTree +-- redis@2.6.5
178 silly currentTree +-- request@2.76.0
178 silly currentTree | +-- mime-db@1.30.0
178 silly currentTree | +-- mime-types@2.1.17
178 silly currentTree | `-- qs@6.3.2
178 silly currentTree +-- response-time@2.3.2
178 silly currentTree | `-- depd@1.1.2
178 silly currentTree +-- retry@0.9.0
178 silly currentTree +-- rndm@1.2.0
178 silly currentTree +-- safe-buffer@5.1.1
178 silly currentTree +-- sax@0.5.8
178 silly currentTree +-- scoped-http-client@0.11.0
178 silly currentTree +-- semver@5.0.3
178 silly currentTree +-- send@0.13.0
178 silly currentTree | +-- destroy@1.0.3
178 silly currentTree | +-- ee-first@1.1.1
178 silly currentTree | +-- on-finished@2.3.0
178 silly currentTree | `-- statuses@1.2.1
178 silly currentTree +-- serve-favicon@2.3.2
178 silly currentTree | `-- ms@0.7.2
178 silly currentTree +-- serve-index@1.7.3
178 silly currentTree | +-- escape-html@1.0.3
178 silly currentTree | +-- mime-db@1.30.0
178 silly currentTree | `-- mime-types@2.1.17
178 silly currentTree +-- serve-static@1.10.3
178 silly currentTree | +-- depd@1.1.2
178 silly currentTree | +-- ee-first@1.1.1
178 silly currentTree | +-- escape-html@1.0.3
178 silly currentTree | +-- on-finished@2.3.0
178 silly currentTree | +-- send@0.13.2
178 silly currentTree | `-- statuses@1.2.1
178 silly currentTree +-- sntp@1.0.9
178 silly currentTree +-- sshpk@1.13.1
178 silly currentTree | `-- assert-plus@1.0.0
178 silly currentTree +-- stack-trace@0.0.10
178 silly currentTree +-- statuses@1.4.0
178 silly currentTree +-- stream-counter@0.2.0
178 silly currentTree +-- string_decoder@0.10.31
178 silly currentTree +-- stringstream@0.0.5
178 silly currentTree +-- strip-ansi@3.0.1
178 silly currentTree +-- supports-color@2.0.0
178 silly currentTree +-- tough-cookie@2.3.3
178 silly currentTree +-- tsscmp@1.0.5
178 silly currentTree +-- tunnel-agent@0.4.3
178 silly currentTree +-- tweetnacl@0.14.5
178 silly currentTree +-- type-is@1.5.7
178 silly currentTree +-- uid-safe@2.1.4
178 silly currentTree +-- ultron@1.0.2
178 silly currentTree +-- underscore@1.8.3
178 silly currentTree +-- unpipe@1.0.0
178 silly currentTree +-- url-join@0.0.1
178 silly currentTree +-- util-deprecate@1.0.2
178 silly currentTree +-- utils-merge@1.0.0
178 silly currentTree +-- validator@3.35.0
178 silly currentTree +-- vary@1.0.1
178 silly currentTree +-- verror@1.10.0
178 silly currentTree | `-- assert-plus@1.0.0
178 silly currentTree +-- vhost@3.0.2
178 silly currentTree +-- winston@2.4.0
178 silly currentTree | `-- async@1.0.0
178 silly currentTree +-- ws@1.1.5
178 silly currentTree +-- xml2js@0.2.8
178 silly currentTree +-- xmlbuilder@0.4.3
178 silly currentTree `-- xtend@4.0.1
179 silly idealTree Reggie@0.0.0
179 silly idealTree +-- @slack/client@3.16.0
179 silly idealTree | `-- async@1.5.2
179 silly idealTree +-- accepts@1.2.13
179 silly idealTree | +-- mime-db@1.30.0
179 silly idealTree | `-- mime-types@2.1.17
179 silly idealTree +-- agent-base@2.1.1
179 silly idealTree +-- ajv@4.11.8
179 silly idealTree +-- ansi-regex@2.1.1
179 silly idealTree +-- ansi-styles@2.2.1
179 silly idealTree +-- asn1@0.2.3
179 silly idealTree +-- assert-plus@0.2.0
179 silly idealTree +-- async@0.9.2
179 silly idealTree +-- asynckit@0.4.0
179 silly idealTree +-- aws-sign@0.3.0
179 silly idealTree +-- aws-sign2@0.6.0
179 silly idealTree +-- aws4@1.6.0
179 silly idealTree +-- azure-storage@2.8.0
179 silly idealTree | +-- caseless@0.12.0
179 silly idealTree | +-- extend@1.2.1
179 silly idealTree | +-- har-validator@4.2.1
179 silly idealTree | +-- isarray@1.0.0
179 silly idealTree | +-- mime-db@1.30.0
179 silly idealTree | +-- mime-types@2.1.17
179 silly idealTree | +-- qs@6.4.0
179 silly idealTree | +-- readable-stream@2.0.6
179 silly idealTree | +-- request@2.81.0
179 silly idealTree | | `-- extend@3.0.1
179 silly idealTree | +-- tunnel-agent@0.6.0
179 silly idealTree | `-- uuid@3.2.1
179 silly idealTree +-- base64-url@1.2.1
179 silly idealTree +-- basic-auth-connect@1.0.0
179 silly idealTree +-- basic-auth@1.0.4
179 silly idealTree +-- batch@0.5.3
179 silly idealTree +-- bcrypt-pbkdf@1.0.1
179 silly idealTree +-- bindings@1.3.0
179 silly idealTree +-- bluebird@3.5.1
179 silly idealTree +-- body-parser@1.13.3
179 silly idealTree | +-- ee-first@1.1.1
179 silly idealTree | +-- mime-db@1.30.0
179 silly idealTree | +-- mime-types@2.1.17
179 silly idealTree | +-- on-finished@2.3.0
179 silly idealTree | +-- qs@4.0.0
179 silly idealTree | `-- type-is@1.6.15
179 silly idealTree +-- boom@2.10.1
179 silly idealTree +-- browserify-mime@1.2.9
179 silly idealTree +-- bytes@2.1.0
179 silly idealTree +-- caseless@0.11.0
179 silly idealTree +-- chalk@1.1.3
179 silly idealTree +-- cline@0.8.2
179 silly idealTree +-- co@4.6.0
179 silly idealTree +-- coffee-script@1.12.7
179 silly idealTree +-- coffeescript@2.2.0
179 silly idealTree +-- colors@1.0.3
179 silly idealTree +-- combined-stream@1.0.5
179 silly idealTree +-- commander@2.6.0
179 silly idealTree +-- compressible@2.0.12
179 silly idealTree | `-- mime-db@1.32.0
179 silly idealTree +-- compression@1.5.2
179 silly idealTree +-- connect-multiparty@1.2.5
179 silly idealTree +-- connect-timeout@1.6.2
179 silly idealTree +-- connect@2.30.2
179 silly idealTree | +-- mime-db@1.30.0
179 silly idealTree | +-- mime-types@2.1.17
179 silly idealTree | +-- qs@4.0.0
179 silly idealTree | `-- type-is@1.6.15
179 silly idealTree +-- content-disposition@0.5.0
179 silly idealTree +-- content-type@1.0.4
179 silly idealTree +-- cookie-jar@0.3.0
179 silly idealTree +-- cookie-parser@1.3.5
179 silly idealTree +-- cookie-signature@1.0.6
179 silly idealTree +-- cookie@0.1.3
179 silly idealTree +-- core-util-is@1.0.2
179 silly idealTree +-- crc@3.3.0
179 silly idealTree +-- cron-parser@1.0.2
179 silly idealTree +-- cron@1.3.0
179 silly idealTree +-- cryptiles@2.0.5
179 silly idealTree +-- csrf@3.0.6
179 silly idealTree +-- csurf@1.8.3
179 silly idealTree +-- ctype@0.5.3
179 silly idealTree +-- cycle@1.0.3
179 silly idealTree +-- dashdash@1.14.1
179 silly idealTree | `-- assert-plus@1.0.0
179 silly idealTree +-- debug@2.2.0
179 silly idealTree +-- delayed-stream@1.0.0
179 silly idealTree +-- depd@1.0.1
179 silly idealTree +-- destroy@1.0.4
179 silly idealTree +-- double-ended-queue@2.1.0-0
179 silly idealTree +-- ecc-jsbn@0.1.1
179 silly idealTree +-- ee-first@1.1.0
179 silly idealTree +-- errorhandler@1.4.3
179 silly idealTree | +-- accepts@1.3.4
179 silly idealTree | +-- escape-html@1.0.3
179 silly idealTree | +-- mime-db@1.30.0
179 silly idealTree | +-- mime-types@2.1.17
179 silly idealTree | `-- negotiator@0.6.1
179 silly idealTree +-- escape-html@1.0.2
179 silly idealTree +-- escape-string-regexp@1.0.5
179 silly idealTree +-- etag@1.7.0
179 silly idealTree +-- eventemitter3@1.2.0
179 silly idealTree +-- express-session@1.11.3
179 silly idealTree | `-- uid-safe@2.0.0
179 silly idealTree +-- express@3.21.2
179 silly idealTree +-- extend@3.0.1
179 silly idealTree +-- extsprintf@1.3.0
179 silly idealTree +-- eyes@0.1.8
179 silly idealTree +-- figlet@1.2.0
179 silly idealTree +-- finalhandler@0.4.0
179 silly idealTree | +-- ee-first@1.1.1
179 silly idealTree | `-- on-finished@2.3.0
179 silly idealTree +-- forever-agent@0.6.1
179 silly idealTree +-- form-data@2.1.4
179 silly idealTree | +-- mime-db@1.30.0
179 silly idealTree | `-- mime-types@2.1.17
179 silly idealTree +-- forwarded@0.1.2
179 silly idealTree +-- fresh@0.3.0
179 silly idealTree +-- generate-function@2.0.0
179 silly idealTree +-- generate-object-property@1.2.0
179 silly idealTree +-- getpass@0.1.7
179 silly idealTree | `-- assert-plus@1.0.0
179 silly idealTree +-- har-schema@1.0.5
179 silly idealTree +-- har-validator@2.0.6
179 silly idealTree | `-- commander@2.14.0
179 silly idealTree +-- has-ansi@2.0.0
179 silly idealTree +-- hash-base@3.0.4
179 silly idealTree +-- hawk@3.1.3
179 silly idealTree +-- hoek@2.16.3
179 silly idealTree +-- http-errors@1.3.1
179 silly idealTree +-- http-signature@1.1.1
179 silly idealTree +-- https-proxy-agent@1.0.0
179 silly idealTree +-- hubot-ascii-art@1.1.3
179 silly idealTree +-- hubot-aww2@0.0.4
179 silly idealTree | `-- coffee-script@1.6.3
179 silly idealTree +-- hubot-azure-brain@1.0.0
179 silly idealTree | +-- asn1@0.1.11
179 silly idealTree | +-- assert-plus@0.1.5
179 silly idealTree | +-- azure-storage@0.2.1
179 silly idealTree | +-- boom@0.4.2
179 silly idealTree | +-- combined-stream@0.0.7
179 silly idealTree | +-- cryptiles@0.2.2
179 silly idealTree | +-- delayed-stream@0.0.5
179 silly idealTree | +-- extend@1.2.1
179 silly idealTree | +-- forever-agent@0.5.2
179 silly idealTree | +-- form-data@0.1.4
179 silly idealTree | +-- hawk@1.0.0
179 silly idealTree | +-- hoek@0.9.1
179 silly idealTree | +-- http-signature@0.10.1
179 silly idealTree | +-- mime@1.2.11
179 silly idealTree | +-- oauth-sign@0.3.0
179 silly idealTree | +-- qs@0.6.6
179 silly idealTree | +-- request@2.27.0
179 silly idealTree | +-- sax@0.5.2
179 silly idealTree | +-- sntp@0.2.4
179 silly idealTree | +-- tunnel-agent@0.3.0
179 silly idealTree | +-- underscore@1.4.4
179 silly idealTree | +-- validator@3.1.0
179 silly idealTree | `-- xml2js@0.2.7
179 silly idealTree +-- hubot-azure-scripts@0.1.7
179 silly idealTree | +-- asn1@0.1.11
179 silly idealTree | +-- assert-plus@0.1.5
179 silly idealTree | +-- azure-storage@0.2.1
179 silly idealTree | +-- boom@0.4.2
179 silly idealTree | +-- combined-stream@0.0.7
179 silly idealTree | +-- cryptiles@0.2.2
179 silly idealTree | +-- delayed-stream@0.0.5
179 silly idealTree | +-- extend@1.2.1
179 silly idealTree | +-- forever-agent@0.5.2
179 silly idealTree | +-- form-data@0.1.4
179 silly idealTree | +-- hawk@1.0.0
179 silly idealTree | +-- hoek@0.9.1
179 silly idealTree | +-- http-signature@0.10.1
179 silly idealTree | +-- mime@1.2.11
179 silly idealTree | +-- oauth-sign@0.3.0
179 silly idealTree | +-- qs@0.6.6
179 silly idealTree | +-- request@2.27.0
179 silly idealTree | +-- sax@0.5.2
179 silly idealTree | +-- sntp@0.2.4
179 silly idealTree | +-- tunnel-agent@0.3.0
179 silly idealTree | +-- underscore@1.4.4
179 silly idealTree | +-- validator@3.1.0
179 silly idealTree | `-- xml2js@0.2.7
179 silly idealTree +-- hubot-cron@0.2.9
179 silly idealTree +-- hubot-diagnostics@0.0.2
179 silly idealTree +-- hubot-google-images@0.2.7
179 silly idealTree +-- hubot-google-translate@0.2.1
179 silly idealTree +-- hubot-help@0.2.2
179 silly idealTree +-- hubot-heroku-keepalive@1.0.3
179 silly idealTree +-- hubot-redis-brain@0.0.4
179 silly idealTree +-- hubot-rules@0.1.2
179 silly idealTree +-- hubot-schedule@0.6.1
179 silly idealTree +-- hubot-scripts@2.17.2
179 silly idealTree | `-- redis@0.8.4
179 silly idealTree +-- hubot-shipit@0.2.1
179 silly idealTree +-- hubot-slack@4.4.0
179 silly idealTree | `-- lodash@3.10.1
179 silly idealTree +-- hubot-thank-you@0.0.3
179 silly idealTree | `-- coffee-script@1.6.3
179 silly idealTree +-- hubot-vsts-slack@0.1.3
179 silly idealTree +-- hubot-zendesk-enhanced@1.0.6
179 silly idealTree | `-- coffee-script@1.6.3
179 silly idealTree +-- hubot@3.0.1
179 silly idealTree | `-- coffee-script@1.6.3
179 silly idealTree +-- iconv-lite@0.4.11
179 silly idealTree +-- inherits@2.0.3
179 silly idealTree +-- ipaddr.js@1.0.5
179 silly idealTree +-- is-my-json-valid@2.17.1
179 silly idealTree +-- is-property@1.0.2
179 silly idealTree +-- is-typedarray@1.0.0
179 silly idealTree +-- isarray@0.0.1
179 silly idealTree +-- isstream@0.1.2
179 silly idealTree +-- jsbn@0.1.1
179 silly idealTree +-- json-edm-parser@0.1.2
179 silly idealTree +-- json-schema@0.2.3
179 silly idealTree +-- json-stable-stringify@1.0.1
179 silly idealTree +-- json-stringify-safe@5.0.1
179 silly idealTree +-- jsonify@0.0.0
179 silly idealTree +-- jsonparse@1.2.0
179 silly idealTree +-- jsonpointer@4.0.1
179 silly idealTree +-- jsprim@1.4.1
179 silly idealTree | `-- assert-plus@1.0.0
179 silly idealTree +-- lodash@4.17.5
179 silly idealTree +-- log@1.4.0
179 silly idealTree +-- long-timeout@0.0.2
179 silly idealTree +-- md5.js@1.3.4
179 silly idealTree +-- media-typer@0.3.0
179 silly idealTree +-- merge-descriptors@1.0.0
179 silly idealTree +-- method-override@2.3.10
179 silly idealTree | +-- debug@2.6.9
179 silly idealTree | +-- ms@2.0.0
179 silly idealTree | `-- vary@1.1.2
179 silly idealTree +-- methods@1.1.2
179 silly idealTree +-- mime-db@1.12.0
179 silly idealTree +-- mime-types@2.0.14
179 silly idealTree +-- mime@1.3.4
179 silly idealTree +-- minimist@0.0.8
179 silly idealTree +-- mkdirp@0.5.1
179 silly idealTree +-- moment-timezone@0.5.14
179 silly idealTree +-- moment@2.20.1
179 silly idealTree +-- morgan@1.6.1
179 silly idealTree | +-- ee-first@1.1.1
179 silly idealTree | `-- on-finished@2.3.0
179 silly idealTree +-- ms@0.7.1
179 silly idealTree +-- multiparty@3.3.2
179 silly idealTree +-- nan@2.8.0
179 silly idealTree +-- negotiator@0.5.3
179 silly idealTree +-- node-schedule@1.0.0
179 silly idealTree | `-- cron-parser@1.1.0
179 silly idealTree +-- node-uuid@1.4.8
179 silly idealTree +-- oauth-sign@0.8.2
179 silly idealTree +-- on-finished@2.1.1
179 silly idealTree +-- on-headers@1.0.1
179 silly idealTree +-- options@0.0.6
179 silly idealTree +-- optparse@1.0.4
179 silly idealTree +-- parseurl@1.3.2
179 silly idealTree +-- pause@0.1.0
179 silly idealTree +-- performance-now@0.2.0
179 silly idealTree +-- pinkie-promise@2.0.1
179 silly idealTree +-- pinkie@2.0.4
179 silly idealTree +-- pkginfo@0.4.1
179 silly idealTree +-- process-nextick-args@1.0.7
179 silly idealTree +-- proxy-addr@1.0.10
179 silly idealTree +-- punycode@1.4.1
179 silly idealTree +-- qs@2.2.5
179 silly idealTree +-- random-bytes@1.0.0
179 silly idealTree +-- range-parser@1.0.3
179 silly idealTree +-- raw-body@2.1.7
179 silly idealTree | +-- bytes@2.4.0
179 silly idealTree | `-- iconv-lite@0.4.13
179 silly idealTree +-- readable-stream@1.1.14
179 silly idealTree +-- redis-commands@1.3.1
179 silly idealTree +-- redis-parser@2.6.0
179 silly idealTree +-- redis@2.6.5
179 silly idealTree +-- request@2.76.0
179 silly idealTree | +-- mime-db@1.30.0
179 silly idealTree | +-- mime-types@2.1.17
179 silly idealTree | `-- qs@6.3.2
179 silly idealTree +-- response-time@2.3.2
179 silly idealTree | `-- depd@1.1.2
179 silly idealTree +-- retry@0.9.0
179 silly idealTree +-- rndm@1.2.0
179 silly idealTree +-- safe-buffer@5.1.1
179 silly idealTree +-- sax@0.5.8
179 silly idealTree +-- scoped-http-client@0.11.0
179 silly idealTree +-- semver@5.0.3
179 silly idealTree +-- send@0.13.0
179 silly idealTree | +-- destroy@1.0.3
179 silly idealTree | +-- ee-first@1.1.1
179 silly idealTree | +-- on-finished@2.3.0
179 silly idealTree | `-- statuses@1.2.1
179 silly idealTree +-- serve-favicon@2.3.2
179 silly idealTree | `-- ms@0.7.2
179 silly idealTree +-- serve-index@1.7.3
179 silly idealTree | +-- escape-html@1.0.3
179 silly idealTree | +-- mime-db@1.30.0
179 silly idealTree | `-- mime-types@2.1.17
179 silly idealTree +-- serve-static@1.10.3
179 silly idealTree | +-- depd@1.1.2
179 silly idealTree | +-- ee-first@1.1.1
179 silly idealTree | +-- escape-html@1.0.3
179 silly idealTree | +-- on-finished@2.3.0
179 silly idealTree | +-- send@0.13.2
179 silly idealTree | `-- statuses@1.2.1
179 silly idealTree +-- sntp@1.0.9
179 silly idealTree +-- sshpk@1.13.1
179 silly idealTree | `-- assert-plus@1.0.0
179 silly idealTree +-- stack-trace@0.0.10
179 silly idealTree +-- statuses@1.4.0
179 silly idealTree +-- stream-counter@0.2.0
179 silly idealTree +-- string_decoder@0.10.31
179 silly idealTree +-- stringstream@0.0.5
179 silly idealTree +-- strip-ansi@3.0.1
179 silly idealTree +-- supports-color@2.0.0
179 silly idealTree +-- time@0.12.0
179 silly idealTree +-- tough-cookie@2.3.3
179 silly idealTree +-- tsscmp@1.0.5
179 silly idealTree +-- tunnel-agent@0.4.3
179 silly idealTree +-- tweetnacl@0.14.5
179 silly idealTree +-- type-is@1.5.7
179 silly idealTree +-- uid-safe@2.1.4
179 silly idealTree +-- ultron@1.0.2
179 silly idealTree +-- underscore@1.8.3
179 silly idealTree +-- unpipe@1.0.0
179 silly idealTree +-- url-join@0.0.1
179 silly idealTree +-- util-deprecate@1.0.2
179 silly idealTree +-- utils-merge@1.0.0
179 silly idealTree +-- validator@3.35.0
179 silly idealTree +-- vary@1.0.1
179 silly idealTree +-- verror@1.10.0
179 silly idealTree | `-- assert-plus@1.0.0
179 silly idealTree +-- vhost@3.0.2
179 silly idealTree +-- winston@2.4.0
179 silly idealTree | `-- async@1.0.0
179 silly idealTree +-- ws@1.1.5
179 silly idealTree +-- xml2js@0.2.8
179 silly idealTree +-- xmlbuilder@0.4.3
179 silly idealTree `-- xtend@4.0.1
180 silly generateActionsToTake Starting
181 silly install generateActionsToTake
182 silly generateActionsToTake Finishing
183 silly diffTrees action count 3
184 silly diffTrees add bindings@1.3.0
185 silly diffTrees add nan@2.8.0
186 silly diffTrees add time@0.12.0
187 silly decomposeActions action count 24
188 silly decomposeActions fetch bindings@1.3.0
189 silly decomposeActions extract bindings@1.3.0
190 silly decomposeActions test bindings@1.3.0
191 silly decomposeActions preinstall bindings@1.3.0
192 silly decomposeActions build bindings@1.3.0
193 silly decomposeActions install bindings@1.3.0
194 silly decomposeActions postinstall bindings@1.3.0
195 silly decomposeActions finalize bindings@1.3.0
196 silly decomposeActions fetch nan@2.8.0
197 silly decomposeActions extract nan@2.8.0
198 silly decomposeActions test nan@2.8.0
199 silly decomposeActions preinstall nan@2.8.0
200 silly decomposeActions build nan@2.8.0
201 silly decomposeActions install nan@2.8.0
202 silly decomposeActions postinstall nan@2.8.0
203 silly decomposeActions finalize nan@2.8.0
204 silly decomposeActions fetch time@0.12.0
205 silly decomposeActions extract time@0.12.0
206 silly decomposeActions test time@0.12.0
207 silly decomposeActions preinstall time@0.12.0
208 silly decomposeActions build time@0.12.0
209 silly decomposeActions install time@0.12.0
210 silly decomposeActions postinstall time@0.12.0
211 silly decomposeActions finalize time@0.12.0
212 silly runTopLevelLifecycles Starting
213 silly executeActions Starting
214 silly install executeActions
215 silly doSerial global-install 0
216 silly doParallel fetch 3
217 verbose correctMkdir C:\Users\atingley\AppData\Roaming\npm-cache\_locks correctMkdir not in flight; initializing
218 verbose lock using C:\Users\atingley\AppData\Roaming\npm-cache\_locks\staging-9150812a9c6f64e2.lock for C:\Users\atingley\Documents\GitHub\reggie\node_modules\.staging
219 silly doParallel extract 3
220 silly extract bindings@1.3.0
221 silly extract nan@2.8.0
222 silly extract time@0.12.0
223 verbose unbuild node_modules\.staging\bindings-6d1f1dfa
224 verbose unbuild node_modules\.staging\nan-17f3165f
225 verbose unbuild node_modules\.staging\time-42db0032
226 silly gentlyRm C:\Users\atingley\Documents\GitHub\reggie\node_modules\.staging\bindings-6d1f1dfa is being purged from base C:\Users\atingley\Documents\GitHub\reggie
227 verbose gentlyRm don't care about contents; nuking C:\Users\atingley\Documents\GitHub\reggie\node_modules\.staging\bindings-6d1f1dfa
228 silly gentlyRm C:\Users\atingley\Documents\GitHub\reggie\node_modules\.staging\nan-17f3165f is being purged from base C:\Users\atingley\Documents\GitHub\reggie
229 verbose gentlyRm don't care about contents; nuking C:\Users\atingley\Documents\GitHub\reggie\node_modules\.staging\nan-17f3165f
230 verbose tar unpack C:\Users\atingley\AppData\Roaming\npm-cache\bindings\1.3.0\package.tgz
231 verbose tar unpacking to C:\Users\atingley\Documents\GitHub\reggie\node_modules\.staging\bindings-6d1f1dfa
232 silly gentlyRm C:\Users\atingley\Documents\GitHub\reggie\node_modules\.staging\bindings-6d1f1dfa is being purged
233 verbose gentlyRm don't care about contents; nuking C:\Users\atingley\Documents\GitHub\reggie\node_modules\.staging\bindings-6d1f1dfa
234 silly gentlyRm C:\Users\atingley\Documents\GitHub\reggie\node_modules\.staging\time-42db0032 is being purged from base C:\Users\atingley\Documents\GitHub\reggie
235 verbose gentlyRm don't care about contents; nuking C:\Users\atingley\Documents\GitHub\reggie\node_modules\.staging\time-42db0032
236 verbose tar unpack C:\Users\atingley\AppData\Roaming\npm-cache\nan\2.8.0\package.tgz
237 verbose tar unpacking to C:\Users\atingley\Documents\GitHub\reggie\node_modules\.staging\nan-17f3165f
238 silly gentlyRm C:\Users\atingley\Documents\GitHub\reggie\node_modules\.staging\nan-17f3165f is being purged
239 verbose gentlyRm don't care about contents; nuking C:\Users\atingley\Documents\GitHub\reggie\node_modules\.staging\nan-17f3165f
240 silly gunzTarPerm modes [ '777', '666' ]
241 verbose tar unpack C:\Users\atingley\AppData\Roaming\npm-cache\time\0.12.0\package.tgz
242 verbose tar unpacking to C:\Users\atingley\Documents\GitHub\reggie\node_modules\.staging\time-42db0032
243 silly gentlyRm C:\Users\atingley\Documents\GitHub\reggie\node_modules\.staging\time-42db0032 is being purged
244 verbose gentlyRm don't care about contents; nuking C:\Users\atingley\Documents\GitHub\reggie\node_modules\.staging\time-42db0032
245 silly gunzTarPerm modes [ '777', '666' ]
246 silly gunzTarPerm modes [ '777', '666' ]
247 silly gunzTarPerm extractEntry package.json
248 silly gunzTarPerm modified mode [ 'package.json', 420, 438 ]
249 silly gunzTarPerm extractEntry package.json
250 silly gunzTarPerm modified mode [ 'package.json', 420, 438 ]
251 silly gunzTarPerm extractEntry package.json
252 silly gunzTarPerm modified mode [ 'package.json', 436, 438 ]
253 silly gunzTarPerm extractEntry README.md
254 silly gunzTarPerm modified mode [ 'README.md', 420, 438 ]
255 silly gunzTarPerm extractEntry bindings.js
256 silly gunzTarPerm modified mode [ 'bindings.js', 420, 438 ]
257 silly gunzTarPerm extractEntry .npmignore
258 silly gunzTarPerm modified mode [ '.npmignore', 420, 438 ]
259 silly gunzTarPerm extractEntry README.md
260 silly gunzTarPerm modified mode [ 'README.md', 420, 438 ]
261 silly gunzTarPerm extractEntry README.md
262 silly gunzTarPerm modified mode [ 'README.md', 436, 438 ]
263 silly gunzTarPerm extractEntry include_dirs.js
264 silly gunzTarPerm modified mode [ 'include_dirs.js', 436, 438 ]
265 silly gunzTarPerm extractEntry LICENSE
266 silly gunzTarPerm modified mode [ 'LICENSE', 420, 438 ]
267 silly gunzTarPerm extractEntry index.js
268 silly gunzTarPerm modified mode [ 'index.js', 420, 438 ]
269 silly gunzTarPerm extractEntry nan_converters_43_inl.h
270 silly gunzTarPerm modified mode [ 'nan_converters_43_inl.h', 436, 438 ]
271 silly gunzTarPerm extractEntry LICENSE.md
272 silly gunzTarPerm modified mode [ 'LICENSE.md', 436, 438 ]
273 silly gunzTarPerm extractEntry doc/new.md
274 silly gunzTarPerm modified mode [ 'doc/new.md', 436, 438 ]
275 silly gunzTarPerm extractEntry doc/asyncworker.md
276 silly gunzTarPerm modified mode [ 'doc/asyncworker.md', 436, 438 ]
277 silly gunzTarPerm extractEntry appveyor.yml
278 silly gunzTarPerm modified mode [ 'appveyor.yml', 420, 438 ]
279 silly gunzTarPerm extractEntry doc/callback.md
280 silly gunzTarPerm modified mode [ 'doc/callback.md', 436, 438 ]
281 silly gunzTarPerm extractEntry doc/converters.md
282 silly gunzTarPerm modified mode [ 'doc/converters.md', 436, 438 ]
283 silly gunzTarPerm extractEntry .jshintrc
284 silly gunzTarPerm modified mode [ '.jshintrc', 420, 438 ]
285 silly gunzTarPerm extractEntry .travis.yml
286 silly gunzTarPerm modified mode [ '.travis.yml', 420, 438 ]
287 silly gunzTarPerm extractEntry doc/errors.md
288 silly gunzTarPerm modified mode [ 'doc/errors.md', 436, 438 ]
289 silly gunzTarPerm extractEntry doc/json.md
290 silly gunzTarPerm modified mode [ 'doc/json.md', 436, 438 ]
291 silly gunzTarPerm extractEntry binding.gyp
292 silly gunzTarPerm modified mode [ 'binding.gyp', 420, 438 ]
293 silly gunzTarPerm extractEntry CHANGELOG.md
294 silly gunzTarPerm modified mode [ 'CHANGELOG.md', 420, 438 ]
295 silly gunzTarPerm extractEntry src/time.cc
296 silly gunzTarPerm modified mode [ 'src/time.cc', 420, 438 ]
297 silly gunzTarPerm extractEntry test/date.js
298 silly gunzTarPerm modified mode [ 'test/date.js', 420, 438 ]
299 silly gunzTarPerm extractEntry doc/maybe_types.md
300 silly gunzTarPerm modified mode [ 'doc/maybe_types.md', 436, 438 ]
301 silly gunzTarPerm extractEntry doc/methods.md
302 silly gunzTarPerm modified mode [ 'doc/methods.md', 436, 438 ]
303 silly gentlyRm C:\Users\atingley\Documents\GitHub\reggie\node_modules\.staging\bindings-6d1f1dfa\node_modules is being purged
304 verbose gentlyRm don't care about contents; nuking C:\Users\atingley\Documents\GitHub\reggie\node_modules\.staging\bindings-6d1f1dfa\node_modules
305 silly gunzTarPerm extractEntry doc/buffers.md
306 silly gunzTarPerm modified mode [ 'doc/buffers.md', 436, 438 ]
307 silly gunzTarPerm extractEntry doc/node_misc.md
308 silly gunzTarPerm modified mode [ 'doc/node_misc.md', 436, 438 ]
309 silly gunzTarPerm extractEntry test/exports.js
310 silly gunzTarPerm modified mode [ 'test/exports.js', 420, 438 ]
311 silly gunzTarPerm extractEntry test/tzset.js
312 silly gunzTarPerm modified mode [ 'test/tzset.js', 420, 438 ]
313 silly gunzTarPerm extractEntry doc/object_wrappers.md
314 silly gunzTarPerm modified mode [ 'doc/object_wrappers.md', 436, 438 ]
315 silly gunzTarPerm extractEntry doc/persistent.md
316 silly gunzTarPerm modified mode [ 'doc/persistent.md', 436, 438 ]
317 silly gunzTarPerm extractEntry doc/scopes.md
318 silly gunzTarPerm modified mode [ 'doc/scopes.md', 436, 438 ]
319 silly gunzTarPerm extractEntry doc/script.md
320 silly gunzTarPerm modified mode [ 'doc/script.md', 436, 438 ]
321 silly gunzTarPerm extractEntry doc/string_bytes.md
322 silly gunzTarPerm modified mode [ 'doc/string_bytes.md', 436, 438 ]
323 silly gunzTarPerm extractEntry doc/v8_internals.md
324 silly gunzTarPerm modified mode [ 'doc/v8_internals.md', 436, 438 ]
325 silly gunzTarPerm extractEntry doc/v8_misc.md
326 silly gunzTarPerm modified mode [ 'doc/v8_misc.md', 436, 438 ]
327 silly gunzTarPerm extractEntry nan.h
328 silly gunzTarPerm modified mode [ 'nan.h', 436, 438 ]
329 silly gunzTarPerm extractEntry nan_callbacks.h
330 silly gunzTarPerm modified mode [ 'nan_callbacks.h', 436, 438 ]
331 silly gunzTarPerm extractEntry nan_callbacks_12_inl.h
332 silly gunzTarPerm modified mode [ 'nan_callbacks_12_inl.h', 436, 438 ]
333 silly gunzTarPerm extractEntry nan_callbacks_pre_12_inl.h
334 silly gunzTarPerm modified mode [ 'nan_callbacks_pre_12_inl.h', 436, 438 ]
335 silly gunzTarPerm extractEntry nan_converters.h
336 silly gunzTarPerm modified mode [ 'nan_converters.h', 436, 438 ]
337 silly gunzTarPerm extractEntry nan_converters_pre_43_inl.h
338 silly gunzTarPerm modified mode [ 'nan_converters_pre_43_inl.h', 436, 438 ]
339 silly gunzTarPerm extractEntry nan_implementation_12_inl.h
340 silly gunzTarPerm modified mode [ 'nan_implementation_12_inl.h', 436, 438 ]
341 silly gunzTarPerm extractEntry nan_implementation_pre_12_inl.h
342 silly gunzTarPerm modified mode [ 'nan_implementation_pre_12_inl.h', 436, 438 ]
343 silly gunzTarPerm extractEntry nan_json.h
344 silly gunzTarPerm modified mode [ 'nan_json.h', 436, 438 ]
345 silly gunzTarPerm extractEntry nan_maybe_43_inl.h
346 silly gunzTarPerm modified mode [ 'nan_maybe_43_inl.h', 436, 438 ]
347 silly gunzTarPerm extractEntry nan_maybe_pre_43_inl.h
348 silly gunzTarPerm modified mode [ 'nan_maybe_pre_43_inl.h', 436, 438 ]
349 silly gunzTarPerm extractEntry nan_new.h
350 silly gunzTarPerm modified mode [ 'nan_new.h', 436, 438 ]
351 silly gunzTarPerm extractEntry nan_object_wrap.h
352 silly gunzTarPerm modified mode [ 'nan_object_wrap.h', 436, 438 ]
353 silly gunzTarPerm extractEntry nan_persistent_12_inl.h
354 silly gunzTarPerm modified mode [ 'nan_persistent_12_inl.h', 436, 438 ]
355 silly gunzTarPerm extractEntry nan_persistent_pre_12_inl.h
356 silly gunzTarPerm modified mode [ 'nan_persistent_pre_12_inl.h', 436, 438 ]
357 silly gunzTarPerm extractEntry nan_private.h
358 silly gunzTarPerm modified mode [ 'nan_private.h', 436, 438 ]
359 silly gentlyRm C:\Users\atingley\Documents\GitHub\reggie\node_modules\.staging\time-42db0032\node_modules is being purged
360 verbose gentlyRm don't care about contents; nuking C:\Users\atingley\Documents\GitHub\reggie\node_modules\.staging\time-42db0032\node_modules
361 silly gunzTarPerm extractEntry nan_string_bytes.h
362 silly gunzTarPerm modified mode [ 'nan_string_bytes.h', 436, 438 ]
363 silly gunzTarPerm extractEntry nan_typedarray_contents.h
364 silly gunzTarPerm modified mode [ 'nan_typedarray_contents.h', 436, 438 ]
365 silly gunzTarPerm extractEntry nan_weak.h
366 silly gunzTarPerm modified mode [ 'nan_weak.h', 436, 438 ]
367 silly gunzTarPerm extractEntry CHANGELOG.md
368 silly gunzTarPerm modified mode [ 'CHANGELOG.md', 436, 438 ]
369 silly gunzTarPerm extractEntry tools/package.json
370 silly gunzTarPerm modified mode [ 'tools/package.json', 436, 438 ]
371 silly gunzTarPerm extractEntry tools/README.md
372 silly gunzTarPerm modified mode [ 'tools/README.md', 436, 438 ]
373 silly gunzTarPerm extractEntry tools/1to2.js
374 silly gunzTarPerm modified mode [ 'tools/1to2.js', 509, 511 ]
375 silly gentlyRm C:\Users\atingley\Documents\GitHub\reggie\node_modules\.staging\nan-17f3165f\node_modules is being purged
376 verbose gentlyRm don't care about contents; nuking C:\Users\atingley\Documents\GitHub\reggie\node_modules\.staging\nan-17f3165f\node_modules
377 silly doParallel preinstall 3
378 silly preinstall bindings@1.3.0 C:\Users\atingley\Documents\GitHub\reggie\node_modules\.staging\bindings-6d1f1dfa
379 info lifecycle bindings@1.3.0~preinstall: bindings@1.3.0
380 silly preinstall nan@2.8.0 C:\Users\atingley\Documents\GitHub\reggie\node_modules\.staging\nan-17f3165f
381 info lifecycle nan@2.8.0~preinstall: nan@2.8.0
382 silly preinstall time@0.12.0 C:\Users\atingley\Documents\GitHub\reggie\node_modules\.staging\time-42db0032
383 info lifecycle time@0.12.0~preinstall: time@0.12.0
384 silly lifecycle bindings@1.3.0~preinstall: no script for preinstall, continuing
385 silly lifecycle nan@2.8.0~preinstall: no script for preinstall, continuing
386 silly lifecycle time@0.12.0~preinstall: no script for preinstall, continuing
387 silly doReverseSerial remove 0
388 silly doSerial move 0
389 silly doSerial finalize 3
390 silly finalize C:\Users\atingley\Documents\GitHub\reggie\node_modules\bindings
391 silly finalize C:\Users\atingley\Documents\GitHub\reggie\node_modules\nan
392 silly finalize C:\Users\atingley\Documents\GitHub\reggie\node_modules\time
393 silly doSerial build 3
394 silly build bindings@1.3.0
395 info linkStuff bindings@1.3.0
396 silly linkStuff bindings@1.3.0 has C:\Users\atingley\Documents\GitHub\reggie\node_modules as its parent node_modules
397 verbose linkBins bindings@1.3.0
398 verbose linkMans bindings@1.3.0
399 silly build nan@2.8.0
400 info linkStuff nan@2.8.0
401 silly linkStuff nan@2.8.0 has C:\Users\atingley\Documents\GitHub\reggie\node_modules as its parent node_modules
402 verbose linkBins nan@2.8.0
403 verbose linkMans nan@2.8.0
404 silly build time@0.12.0
405 info linkStuff time@0.12.0
406 silly linkStuff time@0.12.0 has C:\Users\atingley\Documents\GitHub\reggie\node_modules as its parent node_modules
407 verbose linkBins time@0.12.0
408 verbose linkMans time@0.12.0
409 silly doSerial global-link 0
410 silly doParallel update-linked 0
411 silly doSerial install 3
412 silly install bindings@1.3.0 C:\Users\atingley\Documents\GitHub\reggie\node_modules\.staging\bindings-6d1f1dfa
413 info lifecycle bindings@1.3.0~install: bindings@1.3.0
414 silly lifecycle bindings@1.3.0~install: no script for install, continuing
415 silly install nan@2.8.0 C:\Users\atingley\Documents\GitHub\reggie\node_modules\.staging\nan-17f3165f
416 info lifecycle nan@2.8.0~install: nan@2.8.0
417 silly lifecycle nan@2.8.0~install: no script for install, continuing
418 silly install time@0.12.0 C:\Users\atingley\Documents\GitHub\reggie\node_modules\.staging\time-42db0032
419 info lifecycle time@0.12.0~install: time@0.12.0
420 verbose lifecycle time@0.12.0~install: unsafe-perm in lifecycle true
421 verbose lifecycle time@0.12.0~install: PATH: C:\Program Files\nodejs\node_modules\npm\bin\node-gyp-bin;C:\Users\atingley\Documents\GitHub\reggie\node_modules\time\node_modules\.bin;C:\Users\atingley\Documents\GitHub\reggie\node_modules\.bin;C:\Program Files\Git\mingw64\bin;C:\Program Files\Git\usr\bin;C:\Users\atingley\bin;C:\ProgramData\Oracle\Java\javapath;C:\WINDOWS\system32;C:\WINDOWS;C:\WINDOWS\System32\Wbem;C:\WINDOWS\System32\WindowsPowerShell\v1.0;C:\Program Files\Microsoft SQL Server\120\Tools\Binn;C:\Program Files\Microsoft SQL Server\Client SDK\ODBC\110\Tools\Binn;C:\Program Files (x86)\Microsoft SQL Server\120\Tools\Binn;C:\Program Files\Microsoft SQL Server\120\DTS\Binn;C:\Program Files (x86)\Microsoft SQL Server\120\Tools\Binn\ManagementStudio;C:\Program Files (x86)\Microsoft SQL Server\120\DTS\Binn;C:\Program Files (x86)\Windows Kits\10\Windows Performance Toolkit;C:\Program Files\Microsoft SQL Server\110\Tools\Binn;C:\Program Files\nodejs;C:\Program Files\PuTTY;C:\Program Files (x86)\Sennheiser\SoftphoneSDK;C:\Program Files\Git\cmd;C:\Users\atingley\AppData\Local\Microsoft\WindowsApps;C:\Users\atingley\AppData\Roaming\npm;C:\Program Files\Microsoft VS Code\bin;C:\Users\atingley\AppData\Local\GitHubDesktop\bin
422 verbose lifecycle time@0.12.0~install: CWD: C:\Users\atingley\Documents\GitHub\reggie\node_modules\time
423 silly lifecycle time@0.12.0~install: Args: [ '/d /s /c', 'node-gyp rebuild' ]
424 silly lifecycle time@0.12.0~install: Returned: code: 1  signal: null
425 info lifecycle time@0.12.0~install: Failed to exec install script
426 verbose unlock done using C:\Users\atingley\AppData\Roaming\npm-cache\_locks\staging-9150812a9c6f64e2.lock for C:\Users\atingley\Documents\GitHub\reggie\node_modules\.staging
427 silly rollbackFailedOptional Starting
428 silly rollbackFailedOptional Finishing
429 silly runTopLevelLifecycles Finishing
430 silly install printInstalled
431 warn hubot-vsts-slack@0.1.3 requires a peer of hubot@2.x but none was installed.
432 verbose If you need help, you may report this error at:
432 verbose     <https://github.com/npm/npm/issues>
433 verbose stack Error: time@0.12.0 install: `node-gyp rebuild`
433 verbose stack Exit status 1
433 verbose stack     at EventEmitter.<anonymous> (C:\Program Files\nodejs\node_modules\npm\lib\utils\lifecycle.js:255:16)
433 verbose stack     at emitTwo (events.js:106:13)
433 verbose stack     at EventEmitter.emit (events.js:191:7)
433 verbose stack     at ChildProcess.<anonymous> (C:\Program Files\nodejs\node_modules\npm\lib\utils\spawn.js:40:14)
433 verbose stack     at emitTwo (events.js:106:13)
433 verbose stack     at ChildProcess.emit (events.js:191:7)
433 verbose stack     at maybeClose (internal/child_process.js:920:16)
433 verbose stack     at Process.ChildProcess._handle.onexit (internal/child_process.js:230:5)
434 verbose pkgid time@0.12.0
435 verbose cwd C:\Users\atingley\Documents\GitHub\reggie
436 error Windows_NT 10.0.15063
437 error argv "C:\\Program Files\\nodejs\\node.exe" "C:\\Program Files\\nodejs\\node_modules\\npm\\bin\\npm-cli.js" "install" "time"
438 error node v6.11.3
439 error npm  v3.10.10
440 error code ELIFECYCLE
441 error time@0.12.0 install: `node-gyp rebuild`
441 error Exit status 1
442 error Failed at the time@0.12.0 install script 'node-gyp rebuild'.
442 error Make sure you have the latest version of node.js and npm installed.
442 error If you do, this is most likely a problem with the time package,
442 error not with npm itself.
442 error Tell the author that this fails on your system:
442 error     node-gyp rebuild
442 error You can get information on how to open an issue for this project with:
442 error     npm bugs time
442 error Or if that isn't available, you can get their info via:
442 error     npm owner ls time
442 error There is likely additional logging output above.
443 verbose exit [ 1, true ]
